<?xml version="1.0" encoding="UTF-8"?>
<!-- Generated by org.testng.reporters.JUnitReportReporter -->
<testsuite hostname="DESKTOP-MV5SLF0" failures="0" tests="6" name="api.test.DataDrivenTests" time="10.975" errors="0" timestamp="2024-08-05T10:22:44 IST" skipped="0">
  <testcase classname="api.test.DataDrivenTests" name="testPostuser" time="1.273"/>
  <testcase classname="api.test.DataDrivenTests" name="testPostuser" time="1.172"/>
  <testcase classname="api.test.DataDrivenTests" name="testPostuser" time="4.860"/>
  <testcase classname="api.test.DataDrivenTests" name="testDeleteUserByName" time="1.156"/>
  <testcase classname="api.test.DataDrivenTests" name="testDeleteUserByName" time="1.195"/>
  <testcase classname="api.test.DataDrivenTests" name="testDeleteUserByName" time="1.319"/>
</testsuite> <!-- api.test.DataDrivenTests -->
