<?xml version="1.0" encoding="UTF-8"?>
<!-- Generated by org.testng.reporters.JUnitReportReporter -->
<testsuite hostname="DESKTOP-MV5SLF0" failures="0" tests="4" name="api.test.UserTests" time="11.249" errors="0" timestamp="2024-08-05T17:06:46 IST" skipped="0">
  <testcase classname="api.test.UserTests" name="testpostUser" time="6.380"/>
  <testcase classname="api.test.UserTests" name="testgetUser" time="1.247"/>
  <testcase classname="api.test.UserTests" name="testupdateUser" time="2.428"/>
  <testcase classname="api.test.UserTests" name="testdeletetUser" time="1.194"/>
</testsuite> <!-- api.test.UserTests -->
